[Thu Nov 05 23:09:43.753678 2020] [ssl:warn] [pid 2968:tid 516] AH01909: www.example.com:443:0 server certificate does NOT include an ID which matches the server name
[Thu Nov 05 23:09:44.296747 2020] [ssl:warn] [pid 2968:tid 516] AH01909: www.example.com:443:0 server certificate does NOT include an ID which matches the server name
[Thu Nov 05 23:09:44.330907 2020] [mpm_winnt:notice] [pid 2968:tid 516] AH00455: Apache/2.4.46 (Win64) OpenSSL/1.1.1g PHP/7.4.9 configured -- resuming normal operations
[Thu Nov 05 23:09:44.330907 2020] [mpm_winnt:notice] [pid 2968:tid 516] AH00456: Apache Lounge VC15 Server built: Aug  4 2020 11:50:23
[Thu Nov 05 23:09:44.330907 2020] [core:notice] [pid 2968:tid 516] AH00094: Command line: 'd:\\xampp\\apache\\bin\\httpd.exe -d D:/xampp/apache'
[Thu Nov 05 23:09:44.463253 2020] [mpm_winnt:notice] [pid 2968:tid 516] AH00418: Parent: Created child process 14528
[Thu Nov 05 23:09:45.044435 2020] [ssl:warn] [pid 14528:tid 596] AH01909: www.example.com:443:0 server certificate does NOT include an ID which matches the server name
[Thu Nov 05 23:09:45.534707 2020] [ssl:warn] [pid 14528:tid 596] AH01909: www.example.com:443:0 server certificate does NOT include an ID which matches the server name
[Thu Nov 05 23:09:45.565873 2020] [mpm_winnt:notice] [pid 14528:tid 596] AH00354: Child: Starting 150 worker threads.
[Thu Nov 05 23:10:52.179974 2020] [ssl:warn] [pid 6876:tid 608] AH01909: www.example.com:443:0 server certificate does NOT include an ID which matches the server name
[Thu Nov 05 23:10:52.678795 2020] [core:warn] [pid 6876:tid 608] AH00098: pid file D:/xampp/apache/logs/httpd.pid overwritten -- Unclean shutdown of previous Apache run?
[Thu Nov 05 23:10:52.684678 2020] [ssl:warn] [pid 6876:tid 608] AH01909: www.example.com:443:0 server certificate does NOT include an ID which matches the server name
[Thu Nov 05 23:10:52.711899 2020] [mpm_winnt:notice] [pid 6876:tid 608] AH00455: Apache/2.4.46 (Win64) OpenSSL/1.1.1g PHP/7.4.9 configured -- resuming normal operations
[Thu Nov 05 23:10:52.711899 2020] [mpm_winnt:notice] [pid 6876:tid 608] AH00456: Apache Lounge VC15 Server built: Aug  4 2020 11:50:23
[Thu Nov 05 23:10:52.711899 2020] [core:notice] [pid 6876:tid 608] AH00094: Command line: 'd:\\xampp\\apache\\bin\\httpd.exe -d D:/xampp/apache'
[Thu Nov 05 23:10:52.843444 2020] [mpm_winnt:notice] [pid 6876:tid 608] AH00418: Parent: Created child process 11008
[Thu Nov 05 23:10:53.383264 2020] [ssl:warn] [pid 11008:tid 604] AH01909: www.example.com:443:0 server certificate does NOT include an ID which matches the server name
[Thu Nov 05 23:10:53.823267 2020] [ssl:warn] [pid 11008:tid 604] AH01909: www.example.com:443:0 server certificate does NOT include an ID which matches the server name
[Thu Nov 05 23:10:53.853864 2020] [mpm_winnt:notice] [pid 11008:tid 604] AH00354: Child: Starting 150 worker threads.
[Thu Nov 05 23:52:19.437212 2020] [ssl:warn] [pid 1476:tid 588] AH01909: www.example.com:443:0 server certificate does NOT include an ID which matches the server name
[Thu Nov 05 23:52:20.018309 2020] [core:warn] [pid 1476:tid 588] AH00098: pid file D:/xampp/apache/logs/httpd.pid overwritten -- Unclean shutdown of previous Apache run?
[Thu Nov 05 23:52:20.027285 2020] [ssl:warn] [pid 1476:tid 588] AH01909: www.example.com:443:0 server certificate does NOT include an ID which matches the server name
[Thu Nov 05 23:52:20.052286 2020] [mpm_winnt:notice] [pid 1476:tid 588] AH00455: Apache/2.4.46 (Win64) OpenSSL/1.1.1g PHP/7.4.9 configured -- resuming normal operations
[Thu Nov 05 23:52:20.052286 2020] [mpm_winnt:notice] [pid 1476:tid 588] AH00456: Apache Lounge VC15 Server built: Aug  4 2020 11:50:23
[Thu Nov 05 23:52:20.052286 2020] [core:notice] [pid 1476:tid 588] AH00094: Command line: 'd:\\xampp\\apache\\bin\\httpd.exe -d D:/xampp/apache'
[Thu Nov 05 23:52:20.068727 2020] [mpm_winnt:notice] [pid 1476:tid 588] AH00418: Parent: Created child process 6744
[Thu Nov 05 23:52:22.096784 2020] [ssl:warn] [pid 6744:tid 656] AH01909: www.example.com:443:0 server certificate does NOT include an ID which matches the server name
[Thu Nov 05 23:52:23.352429 2020] [ssl:warn] [pid 6744:tid 656] AH01909: www.example.com:443:0 server certificate does NOT include an ID which matches the server name
[Thu Nov 05 23:52:23.417257 2020] [mpm_winnt:notice] [pid 6744:tid 656] AH00354: Child: Starting 150 worker threads.
[Thu Nov 05 23:57:55.159964 2020] [ssl:warn] [pid 4268:tid 612] AH01909: www.example.com:443:0 server certificate does NOT include an ID which matches the server name
[Thu Nov 05 23:57:55.769901 2020] [core:warn] [pid 4268:tid 612] AH00098: pid file D:/xampp/apache/logs/httpd.pid overwritten -- Unclean shutdown of previous Apache run?
[Thu Nov 05 23:57:55.780874 2020] [ssl:warn] [pid 4268:tid 612] AH01909: www.example.com:443:0 server certificate does NOT include an ID which matches the server name
[Thu Nov 05 23:57:55.825754 2020] [mpm_winnt:notice] [pid 4268:tid 612] AH00455: Apache/2.4.46 (Win64) OpenSSL/1.1.1g PHP/7.4.9 configured -- resuming normal operations
[Thu Nov 05 23:57:55.825754 2020] [mpm_winnt:notice] [pid 4268:tid 612] AH00456: Apache Lounge VC15 Server built: Aug  4 2020 11:50:23
[Thu Nov 05 23:57:55.825754 2020] [core:notice] [pid 4268:tid 612] AH00094: Command line: 'd:\\xampp\\apache\\bin\\httpd.exe -d D:/xampp/apache'
[Thu Nov 05 23:57:56.084062 2020] [mpm_winnt:notice] [pid 4268:tid 612] AH00418: Parent: Created child process 11368
[Thu Nov 05 23:57:56.941052 2020] [ssl:warn] [pid 11368:tid 600] AH01909: www.example.com:443:0 server certificate does NOT include an ID which matches the server name
[Thu Nov 05 23:57:57.605630 2020] [ssl:warn] [pid 11368:tid 600] AH01909: www.example.com:443:0 server certificate does NOT include an ID which matches the server name
[Thu Nov 05 23:57:57.642534 2020] [mpm_winnt:notice] [pid 11368:tid 600] AH00354: Child: Starting 150 worker threads.
[Fri Nov 06 00:05:35.539585 2020] [php7:error] [pid 11368:tid 1848] [client ::1:65012] PHP Fatal error:  Uncaught TypeError: md5() expects parameter 1 to be string, null given in D:\\xampp\\phpMyAdmin\\libraries\\classes\\Controllers\\Table\\SearchController.php:992\nStack trace:\n#0 D:\\xampp\\phpMyAdmin\\libraries\\classes\\Controllers\\Table\\SearchController.php(992): md5(NULL)\n#1 D:\\xampp\\phpMyAdmin\\vendor\\twig\\twig\\src\\Extension\\CoreExtension.php(1499): PhpMyAdmin\\Controllers\\Table\\SearchController->getColumnProperties(0, 0)\n#2 D:\\xampp\\phpMyAdmin\\tmp\\twig\\4a\\4a80965323a79ae17b4f4211c7499f0f61435b10cccea2c9ff39dcaa927e8fd7.php(65): twig_get_attribute(Object(Twig\\Environment), Object(Twig\\Source), Object(PhpMyAdmin\\Controllers\\Table\\SearchController), 'getColumnProper...', Array, 'method', false, false, false, 14)\n#3 D:\\xampp\\phpMyAdmin\\vendor\\twig\\twig\\src\\Template.php(407): __TwigTemplate_084f0334e971444110f34058f0aeaf7bc4f31a92ce0ee0df52acfc117311b6e6->doDisplay(Array, Array)\n#4 D:\\xampp\\phpMyAdmin\\vendor\\twig\\twig\\src\\Template.php(380): Twig\\Template->displayWithErrorHandling(Array, Array)\n#5 D:\\xampp\\phpMyAdmin\\tmp\\tw in D:\\xampp\\phpMyAdmin\\libraries\\classes\\Controllers\\Table\\SearchController.php on line 992
[Fri Nov 06 00:12:57.746722 2020] [ssl:warn] [pid 1912:tid 608] AH01909: www.example.com:443:0 server certificate does NOT include an ID which matches the server name
[Fri Nov 06 00:12:58.806799 2020] [core:warn] [pid 1912:tid 608] AH00098: pid file D:/xampp/apache/logs/httpd.pid overwritten -- Unclean shutdown of previous Apache run?
[Fri Nov 06 00:12:58.830867 2020] [ssl:warn] [pid 1912:tid 608] AH01909: www.example.com:443:0 server certificate does NOT include an ID which matches the server name
[Fri Nov 06 00:12:58.926687 2020] [mpm_winnt:notice] [pid 1912:tid 608] AH00455: Apache/2.4.46 (Win64) OpenSSL/1.1.1g PHP/7.4.9 configured -- resuming normal operations
[Fri Nov 06 00:12:58.926687 2020] [mpm_winnt:notice] [pid 1912:tid 608] AH00456: Apache Lounge VC15 Server built: Aug  4 2020 11:50:23
[Fri Nov 06 00:12:58.926687 2020] [core:notice] [pid 1912:tid 608] AH00094: Command line: 'd:\\xampp\\apache\\bin\\httpd.exe -d D:/xampp/apache'
[Fri Nov 06 00:12:59.291678 2020] [mpm_winnt:notice] [pid 1912:tid 608] AH00418: Parent: Created child process 16612
[Fri Nov 06 00:13:00.060777 2020] [ssl:warn] [pid 16612:tid 660] AH01909: www.example.com:443:0 server certificate does NOT include an ID which matches the server name
[Fri Nov 06 00:13:00.661273 2020] [ssl:warn] [pid 16612:tid 660] AH01909: www.example.com:443:0 server certificate does NOT include an ID which matches the server name
[Fri Nov 06 00:13:00.707297 2020] [mpm_winnt:notice] [pid 16612:tid 660] AH00354: Child: Starting 150 worker threads.
[Fri Nov 06 00:14:38.260490 2020] [ssl:warn] [pid 3000:tid 580] AH01909: www.example.com:443:0 server certificate does NOT include an ID which matches the server name
[Fri Nov 06 00:14:39.296757 2020] [core:warn] [pid 3000:tid 580] AH00098: pid file D:/xampp/apache/logs/httpd.pid overwritten -- Unclean shutdown of previous Apache run?
[Fri Nov 06 00:14:39.315166 2020] [ssl:warn] [pid 3000:tid 580] AH01909: www.example.com:443:0 server certificate does NOT include an ID which matches the server name
[Fri Nov 06 00:14:39.400372 2020] [mpm_winnt:notice] [pid 3000:tid 580] AH00455: Apache/2.4.46 (Win64) OpenSSL/1.1.1g PHP/7.4.9 configured -- resuming normal operations
[Fri Nov 06 00:14:39.400372 2020] [mpm_winnt:notice] [pid 3000:tid 580] AH00456: Apache Lounge VC15 Server built: Aug  4 2020 11:50:23
[Fri Nov 06 00:14:39.400372 2020] [core:notice] [pid 3000:tid 580] AH00094: Command line: 'd:\\xampp\\apache\\bin\\httpd.exe -d D:/xampp/apache'
[Fri Nov 06 00:14:39.573304 2020] [mpm_winnt:notice] [pid 3000:tid 580] AH00418: Parent: Created child process 12200
[Fri Nov 06 00:14:40.263469 2020] [ssl:warn] [pid 12200:tid 596] AH01909: www.example.com:443:0 server certificate does NOT include an ID which matches the server name
[Fri Nov 06 00:14:41.174634 2020] [ssl:warn] [pid 12200:tid 596] AH01909: www.example.com:443:0 server certificate does NOT include an ID which matches the server name
[Fri Nov 06 00:14:41.236022 2020] [mpm_winnt:notice] [pid 12200:tid 596] AH00354: Child: Starting 150 worker threads.
[Fri Nov 06 00:15:40.615674 2020] [ssl:warn] [pid 7200:tid 612] AH01909: www.example.com:443:0 server certificate does NOT include an ID which matches the server name
[Fri Nov 06 00:15:41.301059 2020] [core:warn] [pid 7200:tid 612] AH00098: pid file D:/xampp/apache/logs/httpd.pid overwritten -- Unclean shutdown of previous Apache run?
[Fri Nov 06 00:15:41.317124 2020] [ssl:warn] [pid 7200:tid 612] AH01909: www.example.com:443:0 server certificate does NOT include an ID which matches the server name
[Fri Nov 06 00:15:41.398477 2020] [mpm_winnt:notice] [pid 7200:tid 612] AH00455: Apache/2.4.46 (Win64) OpenSSL/1.1.1g PHP/7.4.9 configured -- resuming normal operations
[Fri Nov 06 00:15:41.398477 2020] [mpm_winnt:notice] [pid 7200:tid 612] AH00456: Apache Lounge VC15 Server built: Aug  4 2020 11:50:23
[Fri Nov 06 00:15:41.399516 2020] [core:notice] [pid 7200:tid 612] AH00094: Command line: 'd:\\xampp\\apache\\bin\\httpd.exe -d D:/xampp/apache'
[Fri Nov 06 00:15:41.705980 2020] [mpm_winnt:notice] [pid 7200:tid 612] AH00418: Parent: Created child process 7056
[Fri Nov 06 00:15:42.444532 2020] [ssl:warn] [pid 7056:tid 600] AH01909: www.example.com:443:0 server certificate does NOT include an ID which matches the server name
[Fri Nov 06 00:15:43.303505 2020] [ssl:warn] [pid 7056:tid 600] AH01909: www.example.com:443:0 server certificate does NOT include an ID which matches the server name
[Fri Nov 06 00:15:43.392061 2020] [mpm_winnt:notice] [pid 7056:tid 600] AH00354: Child: Starting 150 worker threads.
[Fri Nov 06 01:04:07.657488 2020] [ssl:warn] [pid 3844:tid 568] AH01909: www.example.com:443:0 server certificate does NOT include an ID which matches the server name
[Fri Nov 06 01:04:08.652820 2020] [core:warn] [pid 3844:tid 568] AH00098: pid file D:/xampp/apache/logs/httpd.pid overwritten -- Unclean shutdown of previous Apache run?
[Fri Nov 06 01:04:08.675762 2020] [ssl:warn] [pid 3844:tid 568] AH01909: www.example.com:443:0 server certificate does NOT include an ID which matches the server name
[Fri Nov 06 01:04:08.723009 2020] [mpm_winnt:notice] [pid 3844:tid 568] AH00455: Apache/2.4.46 (Win64) OpenSSL/1.1.1g PHP/7.4.9 configured -- resuming normal operations
[Fri Nov 06 01:04:08.723009 2020] [mpm_winnt:notice] [pid 3844:tid 568] AH00456: Apache Lounge VC15 Server built: Aug  4 2020 11:50:23
[Fri Nov 06 01:04:08.723009 2020] [core:notice] [pid 3844:tid 568] AH00094: Command line: 'd:\\xampp\\apache\\bin\\httpd.exe -d D:/xampp/apache'
[Fri Nov 06 01:04:08.917811 2020] [mpm_winnt:notice] [pid 3844:tid 568] AH00418: Parent: Created child process 16932
[Fri Nov 06 01:04:09.898268 2020] [ssl:warn] [pid 16932:tid 208] AH01909: www.example.com:443:0 server certificate does NOT include an ID which matches the server name
[Fri Nov 06 01:04:10.862524 2020] [ssl:warn] [pid 16932:tid 208] AH01909: www.example.com:443:0 server certificate does NOT include an ID which matches the server name
[Fri Nov 06 01:04:10.936641 2020] [mpm_winnt:notice] [pid 16932:tid 208] AH00354: Child: Starting 150 worker threads.
[Fri Nov 06 01:05:01.421393 2020] [ssl:warn] [pid 8524:tid 652] AH01909: www.example.com:443:0 server certificate does NOT include an ID which matches the server name
[Fri Nov 06 01:05:02.604793 2020] [core:warn] [pid 8524:tid 652] AH00098: pid file D:/xampp/apache/logs/httpd.pid overwritten -- Unclean shutdown of previous Apache run?
[Fri Nov 06 01:05:02.621193 2020] [ssl:warn] [pid 8524:tid 652] AH01909: www.example.com:443:0 server certificate does NOT include an ID which matches the server name
[Fri Nov 06 01:05:02.682782 2020] [mpm_winnt:notice] [pid 8524:tid 652] AH00455: Apache/2.4.46 (Win64) OpenSSL/1.1.1g PHP/7.4.9 configured -- resuming normal operations
[Fri Nov 06 01:05:02.682782 2020] [mpm_winnt:notice] [pid 8524:tid 652] AH00456: Apache Lounge VC15 Server built: Aug  4 2020 11:50:23
[Fri Nov 06 01:05:02.682782 2020] [core:notice] [pid 8524:tid 652] AH00094: Command line: 'd:\\xampp\\apache\\bin\\httpd.exe -d D:/xampp/apache'
[Fri Nov 06 01:05:02.953042 2020] [mpm_winnt:notice] [pid 8524:tid 652] AH00418: Parent: Created child process 6088
[Fri Nov 06 01:05:05.029493 2020] [ssl:warn] [pid 6088:tid 636] AH01909: www.example.com:443:0 server certificate does NOT include an ID which matches the server name
[Fri Nov 06 01:05:06.366471 2020] [ssl:warn] [pid 6088:tid 636] AH01909: www.example.com:443:0 server certificate does NOT include an ID which matches the server name
[Fri Nov 06 01:05:06.464616 2020] [mpm_winnt:notice] [pid 6088:tid 636] AH00354: Child: Starting 150 worker threads.
[Fri Nov 06 01:14:48.987267 2020] [ssl:warn] [pid 9380:tid 596] AH01909: www.example.com:443:0 server certificate does NOT include an ID which matches the server name
[Fri Nov 06 01:14:50.073986 2020] [core:warn] [pid 9380:tid 596] AH00098: pid file D:/xampp/apache/logs/httpd.pid overwritten -- Unclean shutdown of previous Apache run?
[Fri Nov 06 01:14:50.089626 2020] [ssl:warn] [pid 9380:tid 596] AH01909: www.example.com:443:0 server certificate does NOT include an ID which matches the server name
[Fri Nov 06 01:14:50.174301 2020] [mpm_winnt:notice] [pid 9380:tid 596] AH00455: Apache/2.4.46 (Win64) OpenSSL/1.1.1g PHP/7.4.9 configured -- resuming normal operations
[Fri Nov 06 01:14:50.174301 2020] [mpm_winnt:notice] [pid 9380:tid 596] AH00456: Apache Lounge VC15 Server built: Aug  4 2020 11:50:23
[Fri Nov 06 01:14:50.174301 2020] [core:notice] [pid 9380:tid 596] AH00094: Command line: 'd:\\xampp\\apache\\bin\\httpd.exe -d D:/xampp/apache'
[Fri Nov 06 01:14:50.503012 2020] [mpm_winnt:notice] [pid 9380:tid 596] AH00418: Parent: Created child process 15012
AH00548: NameVirtualHost has no effect and will be removed in the next release D:/xampp/apache/conf/extra/httpd-vhosts.conf:20
[Fri Nov 06 01:14:51.833157 2020] [ssl:warn] [pid 15012:tid 496] AH01909: www.example.com:443:0 server certificate does NOT include an ID which matches the server name
[Fri Nov 06 01:14:52.754636 2020] [ssl:warn] [pid 15012:tid 496] AH01909: www.example.com:443:0 server certificate does NOT include an ID which matches the server name
[Fri Nov 06 01:14:52.788106 2020] [mpm_winnt:notice] [pid 15012:tid 496] AH00354: Child: Starting 150 worker threads.
[Fri Nov 06 01:18:13.927457 2020] [ssl:warn] [pid 10440:tid 580] AH01909: www.example.com:443:0 server certificate does NOT include an ID which matches the server name
[Fri Nov 06 01:18:14.867997 2020] [core:warn] [pid 10440:tid 580] AH00098: pid file D:/xampp/apache/logs/httpd.pid overwritten -- Unclean shutdown of previous Apache run?
[Fri Nov 06 01:18:14.892047 2020] [ssl:warn] [pid 10440:tid 580] AH01909: www.example.com:443:0 server certificate does NOT include an ID which matches the server name
[Fri Nov 06 01:18:14.976943 2020] [mpm_winnt:notice] [pid 10440:tid 580] AH00455: Apache/2.4.46 (Win64) OpenSSL/1.1.1g PHP/7.4.9 configured -- resuming normal operations
[Fri Nov 06 01:18:14.976943 2020] [mpm_winnt:notice] [pid 10440:tid 580] AH00456: Apache Lounge VC15 Server built: Aug  4 2020 11:50:23
[Fri Nov 06 01:18:14.976943 2020] [core:notice] [pid 10440:tid 580] AH00094: Command line: 'd:\\xampp\\apache\\bin\\httpd.exe -d D:/xampp/apache'
[Fri Nov 06 01:18:15.271000 2020] [mpm_winnt:notice] [pid 10440:tid 580] AH00418: Parent: Created child process 1544
AH00548: NameVirtualHost has no effect and will be removed in the next release D:/xampp/apache/conf/extra/httpd-vhosts.conf:20
[Fri Nov 06 01:18:16.101164 2020] [ssl:warn] [pid 1544:tid 672] AH01909: www.example.com:443:0 server certificate does NOT include an ID which matches the server name
[Fri Nov 06 01:18:17.062266 2020] [ssl:warn] [pid 1544:tid 672] AH01909: www.example.com:443:0 server certificate does NOT include an ID which matches the server name
[Fri Nov 06 01:18:17.103517 2020] [mpm_winnt:notice] [pid 1544:tid 672] AH00354: Child: Starting 150 worker threads.
[Fri Nov 06 01:18:18.133044 2020] [php7:warn] [pid 1544:tid 1848] [client ::1:52417] PHP Warning:  session_start(): Cannot start session when headers already sent in D:\\xampp\\htdocs\\laptrinhweb\\html\\dang_nhap.php on line 6, referer: http://localhost:8080/html/
[Fri Nov 06 01:19:23.083419 2020] [ssl:warn] [pid 4080:tid 588] AH01909: www.example.com:443:0 server certificate does NOT include an ID which matches the server name
[Fri Nov 06 01:19:23.954042 2020] [core:warn] [pid 4080:tid 588] AH00098: pid file D:/xampp/apache/logs/httpd.pid overwritten -- Unclean shutdown of previous Apache run?
[Fri Nov 06 01:19:23.963457 2020] [ssl:warn] [pid 4080:tid 588] AH01909: www.example.com:443:0 server certificate does NOT include an ID which matches the server name
[Fri Nov 06 01:19:24.011800 2020] [mpm_winnt:notice] [pid 4080:tid 588] AH00455: Apache/2.4.46 (Win64) OpenSSL/1.1.1g PHP/7.4.9 configured -- resuming normal operations
[Fri Nov 06 01:19:24.011800 2020] [mpm_winnt:notice] [pid 4080:tid 588] AH00456: Apache Lounge VC15 Server built: Aug  4 2020 11:50:23
[Fri Nov 06 01:19:24.011800 2020] [core:notice] [pid 4080:tid 588] AH00094: Command line: 'd:\\xampp\\apache\\bin\\httpd.exe -d D:/xampp/apache'
[Fri Nov 06 01:19:24.200839 2020] [mpm_winnt:notice] [pid 4080:tid 588] AH00418: Parent: Created child process 11536
AH00548: NameVirtualHost has no effect and will be removed in the next release D:/xampp/apache/conf/extra/httpd-vhosts.conf:20
[Fri Nov 06 01:19:24.953551 2020] [ssl:warn] [pid 11536:tid 588] AH01909: www.example.com:443:0 server certificate does NOT include an ID which matches the server name
[Fri Nov 06 01:19:25.930654 2020] [ssl:warn] [pid 11536:tid 588] AH01909: www.example.com:443:0 server certificate does NOT include an ID which matches the server name
[Fri Nov 06 01:19:26.030299 2020] [mpm_winnt:notice] [pid 11536:tid 588] AH00354: Child: Starting 150 worker threads.
[Fri Nov 06 01:19:30.323580 2020] [php7:warn] [pid 11536:tid 1848] [client ::1:52440] PHP Warning:  session_start(): Cannot start session when headers already sent in D:\\xampp\\htdocs\\laptrinhweb\\html\\dang_nhap.php on line 6, referer: http://localhost:8080/html/
[Fri Nov 06 01:20:00.189539 2020] [ssl:warn] [pid 15556:tid 640] AH01909: www.example.com:443:0 server certificate does NOT include an ID which matches the server name
[Fri Nov 06 01:20:01.006783 2020] [core:warn] [pid 15556:tid 640] AH00098: pid file D:/xampp/apache/logs/httpd.pid overwritten -- Unclean shutdown of previous Apache run?
[Fri Nov 06 01:20:01.014787 2020] [ssl:warn] [pid 15556:tid 640] AH01909: www.example.com:443:0 server certificate does NOT include an ID which matches the server name
[Fri Nov 06 01:20:01.041676 2020] [mpm_winnt:notice] [pid 15556:tid 640] AH00455: Apache/2.4.46 (Win64) OpenSSL/1.1.1g PHP/7.4.9 configured -- resuming normal operations
[Fri Nov 06 01:20:01.041676 2020] [mpm_winnt:notice] [pid 15556:tid 640] AH00456: Apache Lounge VC15 Server built: Aug  4 2020 11:50:23
[Fri Nov 06 01:20:01.041676 2020] [core:notice] [pid 15556:tid 640] AH00094: Command line: 'd:\\xampp\\apache\\bin\\httpd.exe -d D:/xampp/apache'
[Fri Nov 06 01:20:01.049826 2020] [mpm_winnt:notice] [pid 15556:tid 640] AH00418: Parent: Created child process 13148
AH00548: NameVirtualHost has no effect and will be removed in the next release D:/xampp/apache/conf/extra/httpd-vhosts.conf:20
[Fri Nov 06 01:20:01.769042 2020] [ssl:warn] [pid 13148:tid 652] AH01909: www.example.com:443:0 server certificate does NOT include an ID which matches the server name
[Fri Nov 06 01:20:02.754826 2020] [ssl:warn] [pid 13148:tid 652] AH01909: www.example.com:443:0 server certificate does NOT include an ID which matches the server name
[Fri Nov 06 01:20:02.837795 2020] [mpm_winnt:notice] [pid 13148:tid 652] AH00354: Child: Starting 150 worker threads.
[Fri Nov 06 01:20:22.418219 2020] [php7:warn] [pid 13148:tid 1856] [client ::1:52463] PHP Warning:  session_start(): Cannot start session when headers already sent in D:\\xampp\\htdocs\\laptrinhweb\\html\\dang_nhap.php on line 6, referer: http://localhost:8080/html/
[Fri Nov 06 01:23:15.026286 2020] [ssl:warn] [pid 17392:tid 620] AH01909: www.example.com:443:0 server certificate does NOT include an ID which matches the server name
[Fri Nov 06 01:23:15.657014 2020] [core:warn] [pid 17392:tid 620] AH00098: pid file D:/xampp/apache/logs/httpd.pid overwritten -- Unclean shutdown of previous Apache run?
[Fri Nov 06 01:23:15.664297 2020] [ssl:warn] [pid 17392:tid 620] AH01909: www.example.com:443:0 server certificate does NOT include an ID which matches the server name
[Fri Nov 06 01:23:15.693360 2020] [mpm_winnt:notice] [pid 17392:tid 620] AH00455: Apache/2.4.46 (Win64) OpenSSL/1.1.1g PHP/7.4.9 configured -- resuming normal operations
[Fri Nov 06 01:23:15.693360 2020] [mpm_winnt:notice] [pid 17392:tid 620] AH00456: Apache Lounge VC15 Server built: Aug  4 2020 11:50:23
[Fri Nov 06 01:23:15.693360 2020] [core:notice] [pid 17392:tid 620] AH00094: Command line: 'd:\\xampp\\apache\\bin\\httpd.exe -d D:/xampp/apache'
[Fri Nov 06 01:23:15.840013 2020] [mpm_winnt:notice] [pid 17392:tid 620] AH00418: Parent: Created child process 13676
AH00548: NameVirtualHost has no effect and will be removed in the next release D:/xampp/apache/conf/extra/httpd-vhosts.conf:20
[Fri Nov 06 01:23:16.447519 2020] [ssl:warn] [pid 13676:tid 604] AH01909: www.example.com:443:0 server certificate does NOT include an ID which matches the server name
[Fri Nov 06 01:23:17.101109 2020] [ssl:warn] [pid 13676:tid 604] AH01909: www.example.com:443:0 server certificate does NOT include an ID which matches the server name
[Fri Nov 06 01:23:17.130030 2020] [mpm_winnt:notice] [pid 13676:tid 604] AH00354: Child: Starting 150 worker threads.
[Fri Nov 06 01:23:30.927364 2020] [php7:warn] [pid 13676:tid 1848] [client ::1:52554] PHP Warning:  session_start(): Cannot start session when headers already sent in D:\\xampp\\htdocs\\laptrinhweb\\html\\dang_nhap.php on line 6, referer: http://localhost:8080/html/
[Fri Nov 06 01:23:42.053080 2020] [php7:warn] [pid 13676:tid 1812] [client ::1:52562] PHP Warning:  session_start(): Cannot start session when headers already sent in D:\\xampp\\htdocs\\laptrinhweb\\html\\dang_nhap.php on line 6, referer: http://localhost:8080/html/
[Fri Nov 06 01:23:43.061520 2020] [php7:warn] [pid 13676:tid 1812] [client ::1:52562] PHP Warning:  session_start(): Cannot start session when headers already sent in D:\\xampp\\htdocs\\laptrinhweb\\html\\dang_nhap.php on line 6, referer: http://localhost:8080/html/
[Fri Nov 06 01:23:45.356632 2020] [php7:warn] [pid 13676:tid 1812] [client ::1:52562] PHP Warning:  session_start(): Cannot start session when headers already sent in D:\\xampp\\htdocs\\laptrinhweb\\html\\dang_nhap.php on line 6, referer: http://localhost:8080/html/
[Fri Nov 06 01:23:52.175994 2020] [php7:warn] [pid 13676:tid 1824] [client ::1:52563] PHP Warning:  session_start(): Cannot start session when headers already sent in D:\\xampp\\htdocs\\laptrinhweb\\html\\dang_nhap.php on line 6
[Fri Nov 06 01:23:58.230375 2020] [php7:warn] [pid 13676:tid 1824] [client ::1:52563] PHP Warning:  session_start(): Cannot start session when headers already sent in D:\\xampp\\htdocs\\laptrinhweb\\html\\dang_nhap.php on line 6, referer: http://localhost:8080/html/
[Fri Nov 06 01:24:02.054645 2020] [php7:notice] [pid 13676:tid 1824] [client ::1:52563] PHP Notice:  Undefined index: tentk1 in D:\\xampp\\htdocs\\laptrinhweb\\html\\kiemtraketnoi.php on line 11, referer: http://localhost:8080/html/
[Fri Nov 06 01:24:02.054645 2020] [php7:notice] [pid 13676:tid 1824] [client ::1:52563] PHP Notice:  Undefined index: mktk1 in D:\\xampp\\htdocs\\laptrinhweb\\html\\kiemtraketnoi.php on line 12, referer: http://localhost:8080/html/
[Fri Nov 06 01:24:02.054645 2020] [php7:notice] [pid 13676:tid 1824] [client ::1:52563] PHP Notice:  Undefined index: tentk1 in D:\\xampp\\htdocs\\laptrinhweb\\html\\kiemtraketnoi.php on line 15, referer: http://localhost:8080/html/
[Fri Nov 06 01:24:03.121681 2020] [php7:warn] [pid 13676:tid 1824] [client ::1:52563] PHP Warning:  session_start(): Cannot start session when headers already sent in D:\\xampp\\htdocs\\laptrinhweb\\html\\dang_nhap.php on line 6, referer: http://localhost:8080/html/kiemtraketnoi.php
[Fri Nov 06 01:24:03.121681 2020] [php7:notice] [pid 13676:tid 1824] [client ::1:52563] PHP Notice:  Undefined variable: _SESSION in D:\\xampp\\htdocs\\laptrinhweb\\html\\trangchu.php on line 24, referer: http://localhost:8080/html/kiemtraketnoi.php
[Fri Nov 06 01:24:03.122680 2020] [php7:notice] [pid 13676:tid 1824] [client ::1:52563] PHP Notice:  Trying to access array offset on value of type null in D:\\xampp\\htdocs\\laptrinhweb\\html\\trangchu.php on line 24, referer: http://localhost:8080/html/kiemtraketnoi.php
[Fri Nov 06 01:24:07.825685 2020] [php7:warn] [pid 13676:tid 1824] [client ::1:52563] PHP Warning:  session_start(): Cannot start session when headers already sent in D:\\xampp\\htdocs\\laptrinhweb\\html\\dang_nhap.php on line 6, referer: http://localhost:8080/html/
[Fri Nov 06 01:24:21.356617 2020] [php7:warn] [pid 13676:tid 1832] [client ::1:52576] PHP Warning:  session_start(): Cannot start session when headers already sent in D:\\xampp\\htdocs\\laptrinhweb\\html\\dang_nhap.php on line 6, referer: http://localhost:8080/html/
[Fri Nov 06 01:24:48.525636 2020] [php7:warn] [pid 13676:tid 1836] [client ::1:52585] PHP Warning:  session_start(): Cannot start session when headers already sent in D:\\xampp\\htdocs\\laptrinhweb\\html\\dang_nhap.php on line 6, referer: http://localhost:8080/html/
[Fri Nov 06 01:26:01.427630 2020] [ssl:warn] [pid 8740:tid 648] AH01909: www.example.com:443:0 server certificate does NOT include an ID which matches the server name
[Fri Nov 06 01:26:02.017825 2020] [core:warn] [pid 8740:tid 648] AH00098: pid file D:/xampp/apache/logs/httpd.pid overwritten -- Unclean shutdown of previous Apache run?
[Fri Nov 06 01:26:02.024777 2020] [ssl:warn] [pid 8740:tid 648] AH01909: www.example.com:443:0 server certificate does NOT include an ID which matches the server name
[Fri Nov 06 01:26:02.051723 2020] [mpm_winnt:notice] [pid 8740:tid 648] AH00455: Apache/2.4.46 (Win64) OpenSSL/1.1.1g PHP/7.4.9 configured -- resuming normal operations
[Fri Nov 06 01:26:02.051723 2020] [mpm_winnt:notice] [pid 8740:tid 648] AH00456: Apache Lounge VC15 Server built: Aug  4 2020 11:50:23
[Fri Nov 06 01:26:02.052721 2020] [core:notice] [pid 8740:tid 648] AH00094: Command line: 'd:\\xampp\\apache\\bin\\httpd.exe -d D:/xampp/apache'
[Fri Nov 06 01:26:02.193535 2020] [mpm_winnt:notice] [pid 8740:tid 648] AH00418: Parent: Created child process 10628
AH00548: NameVirtualHost has no effect and will be removed in the next release D:/xampp/apache/conf/extra/httpd-vhosts.conf:20
[Fri Nov 06 01:26:02.807291 2020] [ssl:warn] [pid 10628:tid 596] AH01909: www.example.com:443:0 server certificate does NOT include an ID which matches the server name
[Fri Nov 06 01:26:03.391769 2020] [ssl:warn] [pid 10628:tid 596] AH01909: www.example.com:443:0 server certificate does NOT include an ID which matches the server name
[Fri Nov 06 01:26:03.423684 2020] [mpm_winnt:notice] [pid 10628:tid 596] AH00354: Child: Starting 150 worker threads.
[Fri Nov 06 01:26:07.796801 2020] [php7:warn] [pid 10628:tid 1852] [client ::1:52626] PHP Warning:  session_start(): Cannot start session when headers already sent in D:\\xampp\\htdocs\\laptrinhweb\\html\\dang_nhap.php on line 6, referer: http://localhost:8080/html/
[Fri Nov 06 01:27:01.541748 2020] [php7:notice] [pid 10628:tid 1848] [client ::1:52643] PHP Notice:  Undefined index: dangnhap in D:\\xampp\\htdocs\\laptrinhweb\\html\\trangkiemtra.php on line 11, referer: http://localhost:8080/html/
[Fri Nov 06 01:27:01.541748 2020] [php7:notice] [pid 10628:tid 1848] [client ::1:52643] PHP Notice:  Undefined index: matkhau in D:\\xampp\\htdocs\\laptrinhweb\\html\\trangkiemtra.php on line 12, referer: http://localhost:8080/html/
[Fri Nov 06 01:27:01.541748 2020] [php7:notice] [pid 10628:tid 1848] [client ::1:52643] PHP Notice:  Undefined variable: login_correct in D:\\xampp\\htdocs\\laptrinhweb\\html\\trangkiemtra.php on line 13, referer: http://localhost:8080/html/
[Fri Nov 06 01:27:04.799669 2020] [php7:warn] [pid 10628:tid 1848] [client ::1:52643] PHP Warning:  session_start(): Cannot start session when headers already sent in D:\\xampp\\htdocs\\laptrinhweb\\html\\dang_nhap.php on line 6, referer: http://localhost:8080/html/
[Fri Nov 06 01:27:04.799669 2020] [php7:notice] [pid 10628:tid 1848] [client ::1:52643] PHP Notice:  Undefined variable: _SESSION in D:\\xampp\\htdocs\\laptrinhweb\\html\\trangchu.php on line 24, referer: http://localhost:8080/html/
[Fri Nov 06 01:27:04.800658 2020] [php7:notice] [pid 10628:tid 1848] [client ::1:52643] PHP Notice:  Trying to access array offset on value of type null in D:\\xampp\\htdocs\\laptrinhweb\\html\\trangchu.php on line 24, referer: http://localhost:8080/html/
[Fri Nov 06 01:27:39.913283 2020] [ssl:warn] [pid 12172:tid 628] AH01909: www.example.com:443:0 server certificate does NOT include an ID which matches the server name
[Fri Nov 06 01:27:40.637830 2020] [core:warn] [pid 12172:tid 628] AH00098: pid file D:/xampp/apache/logs/httpd.pid overwritten -- Unclean shutdown of previous Apache run?
[Fri Nov 06 01:27:40.644753 2020] [ssl:warn] [pid 12172:tid 628] AH01909: www.example.com:443:0 server certificate does NOT include an ID which matches the server name
[Fri Nov 06 01:27:40.678661 2020] [mpm_winnt:notice] [pid 12172:tid 628] AH00455: Apache/2.4.46 (Win64) OpenSSL/1.1.1g PHP/7.4.9 configured -- resuming normal operations
[Fri Nov 06 01:27:40.678661 2020] [mpm_winnt:notice] [pid 12172:tid 628] AH00456: Apache Lounge VC15 Server built: Aug  4 2020 11:50:23
[Fri Nov 06 01:27:40.678661 2020] [core:notice] [pid 12172:tid 628] AH00094: Command line: 'd:\\xampp\\apache\\bin\\httpd.exe -d D:/xampp/apache'
[Fri Nov 06 01:27:40.835659 2020] [mpm_winnt:notice] [pid 12172:tid 628] AH00418: Parent: Created child process 11612
AH00548: NameVirtualHost has no effect and will be removed in the next release D:/xampp/apache/conf/extra/httpd-vhosts.conf:20
[Fri Nov 06 01:27:41.525986 2020] [ssl:warn] [pid 11612:tid 592] AH01909: www.example.com:443:0 server certificate does NOT include an ID which matches the server name
[Fri Nov 06 01:27:42.098514 2020] [ssl:warn] [pid 11612:tid 592] AH01909: www.example.com:443:0 server certificate does NOT include an ID which matches the server name
[Fri Nov 06 01:27:42.131729 2020] [mpm_winnt:notice] [pid 11612:tid 592] AH00354: Child: Starting 150 worker threads.
[Fri Nov 06 01:31:03.000540 2020] [php7:warn] [pid 11612:tid 1848] [client ::1:52681] PHP Warning:  session_start(): Cannot start session when headers already sent in D:\\xampp\\htdocs\\laptrinhweb\\html\\dang_nhap.php on line 6, referer: http://localhost:8080/html/
[Fri Nov 06 01:40:08.052155 2020] [ssl:warn] [pid 11248:tid 592] AH01909: www.example.com:443:0 server certificate does NOT include an ID which matches the server name
[Fri Nov 06 01:40:08.931833 2020] [core:warn] [pid 11248:tid 592] AH00098: pid file D:/xampp/apache/logs/httpd.pid overwritten -- Unclean shutdown of previous Apache run?
[Fri Nov 06 01:40:08.938695 2020] [ssl:warn] [pid 11248:tid 592] AH01909: www.example.com:443:0 server certificate does NOT include an ID which matches the server name
[Fri Nov 06 01:40:08.973271 2020] [mpm_winnt:notice] [pid 11248:tid 592] AH00455: Apache/2.4.46 (Win64) OpenSSL/1.1.1g PHP/7.4.9 configured -- resuming normal operations
[Fri Nov 06 01:40:08.973271 2020] [mpm_winnt:notice] [pid 11248:tid 592] AH00456: Apache Lounge VC15 Server built: Aug  4 2020 11:50:23
[Fri Nov 06 01:40:08.974267 2020] [core:notice] [pid 11248:tid 592] AH00094: Command line: 'd:\\xampp\\apache\\bin\\httpd.exe -d D:/xampp/apache'
[Fri Nov 06 01:40:08.983245 2020] [mpm_winnt:notice] [pid 11248:tid 592] AH00418: Parent: Created child process 3504
AH00548: NameVirtualHost has no effect and will be removed in the next release D:/xampp/apache/conf/extra/httpd-vhosts.conf:20
[Fri Nov 06 01:40:09.884123 2020] [ssl:warn] [pid 3504:tid 544] AH01909: www.example.com:443:0 server certificate does NOT include an ID which matches the server name
[Fri Nov 06 01:40:10.677884 2020] [ssl:warn] [pid 3504:tid 544] AH01909: www.example.com:443:0 server certificate does NOT include an ID which matches the server name
[Fri Nov 06 01:40:10.720771 2020] [mpm_winnt:notice] [pid 3504:tid 544] AH00354: Child: Starting 150 worker threads.
[Fri Nov 06 01:40:10.970748 2020] [php7:warn] [pid 3504:tid 1864] [client ::1:52847] PHP Warning:  session_start(): Cannot start session when headers already sent in D:\\xampp\\htdocs\\laptrinhweb\\html\\dang_nhap.php on line 6, referer: http://localhost:8080/html/
[Fri Nov 06 01:41:48.785708 2020] [ssl:warn] [pid 4368:tid 656] AH01909: www.example.com:443:0 server certificate does NOT include an ID which matches the server name
[Fri Nov 06 01:41:49.552161 2020] [core:warn] [pid 4368:tid 656] AH00098: pid file D:/xampp/apache/logs/httpd.pid overwritten -- Unclean shutdown of previous Apache run?
[Fri Nov 06 01:41:49.560153 2020] [ssl:warn] [pid 4368:tid 656] AH01909: www.example.com:443:0 server certificate does NOT include an ID which matches the server name
[Fri Nov 06 01:41:49.593803 2020] [mpm_winnt:notice] [pid 4368:tid 656] AH00455: Apache/2.4.46 (Win64) OpenSSL/1.1.1g PHP/7.4.9 configured -- resuming normal operations
[Fri Nov 06 01:41:49.593803 2020] [mpm_winnt:notice] [pid 4368:tid 656] AH00456: Apache Lounge VC15 Server built: Aug  4 2020 11:50:23
[Fri Nov 06 01:41:49.593803 2020] [core:notice] [pid 4368:tid 656] AH00094: Command line: 'd:\\xampp\\apache\\bin\\httpd.exe -d D:/xampp/apache'
[Fri Nov 06 01:41:49.769177 2020] [mpm_winnt:notice] [pid 4368:tid 656] AH00418: Parent: Created child process 9456
AH00548: NameVirtualHost has no effect and will be removed in the next release D:/xampp/apache/conf/extra/httpd-vhosts.conf:20
[Fri Nov 06 01:41:50.659110 2020] [ssl:warn] [pid 9456:tid 592] AH01909: www.example.com:443:0 server certificate does NOT include an ID which matches the server name
[Fri Nov 06 01:41:51.434468 2020] [ssl:warn] [pid 9456:tid 592] AH01909: www.example.com:443:0 server certificate does NOT include an ID which matches the server name
[Fri Nov 06 01:41:51.501145 2020] [mpm_winnt:notice] [pid 9456:tid 592] AH00354: Child: Starting 150 worker threads.
[Fri Nov 06 01:42:00.192026 2020] [php7:warn] [pid 9456:tid 1868] [client ::1:52869] PHP Warning:  session_start(): Cannot start session when headers already sent in D:\\xampp\\htdocs\\laptrinhweb\\html\\dang_nhap.php on line 6, referer: http://localhost:8080/html/
[Fri Nov 06 01:43:53.668792 2020] [ssl:warn] [pid 14168:tid 584] AH01909: www.example.com:443:0 server certificate does NOT include an ID which matches the server name
[Fri Nov 06 01:43:54.344187 2020] [core:warn] [pid 14168:tid 584] AH00098: pid file D:/xampp/apache/logs/httpd.pid overwritten -- Unclean shutdown of previous Apache run?
[Fri Nov 06 01:43:54.350172 2020] [ssl:warn] [pid 14168:tid 584] AH01909: www.example.com:443:0 server certificate does NOT include an ID which matches the server name
[Fri Nov 06 01:43:54.383319 2020] [mpm_winnt:notice] [pid 14168:tid 584] AH00455: Apache/2.4.46 (Win64) OpenSSL/1.1.1g PHP/7.4.9 configured -- resuming normal operations
[Fri Nov 06 01:43:54.383319 2020] [mpm_winnt:notice] [pid 14168:tid 584] AH00456: Apache Lounge VC15 Server built: Aug  4 2020 11:50:23
[Fri Nov 06 01:43:54.383319 2020] [core:notice] [pid 14168:tid 584] AH00094: Command line: 'd:\\xampp\\apache\\bin\\httpd.exe -d D:/xampp/apache'
[Fri Nov 06 01:43:54.543330 2020] [mpm_winnt:notice] [pid 14168:tid 584] AH00418: Parent: Created child process 1096
AH00548: NameVirtualHost has no effect and will be removed in the next release D:/xampp/apache/conf/extra/httpd-vhosts.conf:20
[Fri Nov 06 01:43:55.198341 2020] [ssl:warn] [pid 1096:tid 620] AH01909: www.example.com:443:0 server certificate does NOT include an ID which matches the server name
[Fri Nov 06 01:43:55.810545 2020] [ssl:warn] [pid 1096:tid 620] AH01909: www.example.com:443:0 server certificate does NOT include an ID which matches the server name
[Fri Nov 06 01:43:55.848186 2020] [mpm_winnt:notice] [pid 1096:tid 620] AH00354: Child: Starting 150 worker threads.
[Fri Nov 06 01:43:58.634841 2020] [php7:warn] [pid 1096:tid 1852] [client ::1:52892] PHP Warning:  session_start(): Cannot start session when headers already sent in D:\\xampp\\htdocs\\laptrinhweb\\html\\dang_nhap.php on line 6, referer: http://localhost:8080/html/
[Fri Nov 06 01:44:59.519610 2020] [ssl:warn] [pid 9904:tid 608] AH01909: www.example.com:443:0 server certificate does NOT include an ID which matches the server name
[Fri Nov 06 01:45:00.149487 2020] [core:warn] [pid 9904:tid 608] AH00098: pid file D:/xampp/apache/logs/httpd.pid overwritten -- Unclean shutdown of previous Apache run?
[Fri Nov 06 01:45:00.155479 2020] [ssl:warn] [pid 9904:tid 608] AH01909: www.example.com:443:0 server certificate does NOT include an ID which matches the server name
[Fri Nov 06 01:45:00.186256 2020] [mpm_winnt:notice] [pid 9904:tid 608] AH00455: Apache/2.4.46 (Win64) OpenSSL/1.1.1g PHP/7.4.9 configured -- resuming normal operations
[Fri Nov 06 01:45:00.186256 2020] [mpm_winnt:notice] [pid 9904:tid 608] AH00456: Apache Lounge VC15 Server built: Aug  4 2020 11:50:23
[Fri Nov 06 01:45:00.186256 2020] [core:notice] [pid 9904:tid 608] AH00094: Command line: 'd:\\xampp\\apache\\bin\\httpd.exe -d D:/xampp/apache'
[Fri Nov 06 01:45:00.340188 2020] [mpm_winnt:notice] [pid 9904:tid 608] AH00418: Parent: Created child process 10840
AH00548: NameVirtualHost has no effect and will be removed in the next release D:/xampp/apache/conf/extra/httpd-vhosts.conf:20
[Fri Nov 06 01:45:00.972265 2020] [ssl:warn] [pid 10840:tid 628] AH01909: www.example.com:443:0 server certificate does NOT include an ID which matches the server name
[Fri Nov 06 01:45:01.506241 2020] [ssl:warn] [pid 10840:tid 628] AH01909: www.example.com:443:0 server certificate does NOT include an ID which matches the server name
[Fri Nov 06 01:45:01.534107 2020] [mpm_winnt:notice] [pid 10840:tid 628] AH00354: Child: Starting 150 worker threads.
[Fri Nov 06 01:45:03.093125 2020] [php7:warn] [pid 10840:tid 1848] [client ::1:52906] PHP Warning:  session_start(): Cannot start session when headers already sent in D:\\xampp\\htdocs\\laptrinhweb\\html\\dang_nhap.php on line 6, referer: http://localhost:8080/html/
[Fri Nov 06 01:46:17.598020 2020] [ssl:warn] [pid 16884:tid 624] AH01909: www.example.com:443:0 server certificate does NOT include an ID which matches the server name
[Fri Nov 06 01:46:18.217805 2020] [core:warn] [pid 16884:tid 624] AH00098: pid file D:/xampp/apache/logs/httpd.pid overwritten -- Unclean shutdown of previous Apache run?
[Fri Nov 06 01:46:18.228941 2020] [ssl:warn] [pid 16884:tid 624] AH01909: www.example.com:443:0 server certificate does NOT include an ID which matches the server name
[Fri Nov 06 01:46:18.264147 2020] [mpm_winnt:notice] [pid 16884:tid 624] AH00455: Apache/2.4.46 (Win64) OpenSSL/1.1.1g PHP/7.4.9 configured -- resuming normal operations
[Fri Nov 06 01:46:18.264147 2020] [mpm_winnt:notice] [pid 16884:tid 624] AH00456: Apache Lounge VC15 Server built: Aug  4 2020 11:50:23
[Fri Nov 06 01:46:18.264147 2020] [core:notice] [pid 16884:tid 624] AH00094: Command line: 'd:\\xampp\\apache\\bin\\httpd.exe -d D:/xampp/apache'
[Fri Nov 06 01:46:18.442266 2020] [mpm_winnt:notice] [pid 16884:tid 624] AH00418: Parent: Created child process 11500
AH00548: NameVirtualHost has no effect and will be removed in the next release D:/xampp/apache/conf/extra/httpd-vhosts.conf:20
[Fri Nov 06 01:46:19.012752 2020] [ssl:warn] [pid 11500:tid 596] AH01909: www.example.com:443:0 server certificate does NOT include an ID which matches the server name
[Fri Nov 06 01:46:19.555409 2020] [ssl:warn] [pid 11500:tid 596] AH01909: www.example.com:443:0 server certificate does NOT include an ID which matches the server name
[Fri Nov 06 01:46:19.589937 2020] [mpm_winnt:notice] [pid 11500:tid 596] AH00354: Child: Starting 150 worker threads.
[Fri Nov 06 01:46:22.334170 2020] [php7:warn] [pid 11500:tid 1852] [client ::1:52921] PHP Warning:  session_start(): Cannot start session when headers already sent in D:\\xampp\\htdocs\\laptrinhweb\\html\\dang_nhap.php on line 6, referer: http://localhost:8080/html/
[Fri Nov 06 01:51:18.062760 2020] [php7:warn] [pid 11500:tid 1852] [client ::1:52961] PHP Warning:  session_start(): Cannot start session when headers already sent in D:\\xampp\\htdocs\\laptrinhweb\\html\\dang_nhap.php on line 6, referer: http://localhost:8080/html/
[Fri Nov 06 01:51:24.578137 2020] [ssl:warn] [pid 17572:tid 652] AH01909: www.example.com:443:0 server certificate does NOT include an ID which matches the server name
[Fri Nov 06 01:51:25.306241 2020] [core:warn] [pid 17572:tid 652] AH00098: pid file D:/xampp/apache/logs/httpd.pid overwritten -- Unclean shutdown of previous Apache run?
[Fri Nov 06 01:51:25.316217 2020] [ssl:warn] [pid 17572:tid 652] AH01909: www.example.com:443:0 server certificate does NOT include an ID which matches the server name
[Fri Nov 06 01:51:25.347906 2020] [mpm_winnt:notice] [pid 17572:tid 652] AH00455: Apache/2.4.46 (Win64) OpenSSL/1.1.1g PHP/7.4.9 configured -- resuming normal operations
[Fri Nov 06 01:51:25.347906 2020] [mpm_winnt:notice] [pid 17572:tid 652] AH00456: Apache Lounge VC15 Server built: Aug  4 2020 11:50:23
[Fri Nov 06 01:51:25.347906 2020] [core:notice] [pid 17572:tid 652] AH00094: Command line: 'd:\\xampp\\apache\\bin\\httpd.exe -d D:/xampp/apache'
[Fri Nov 06 01:51:25.506887 2020] [mpm_winnt:notice] [pid 17572:tid 652] AH00418: Parent: Created child process 11808
AH00548: NameVirtualHost has no effect and will be removed in the next release D:/xampp/apache/conf/extra/httpd-vhosts.conf:20
[Fri Nov 06 01:51:26.266479 2020] [ssl:warn] [pid 11808:tid 684] AH01909: www.example.com:443:0 server certificate does NOT include an ID which matches the server name
[Fri Nov 06 01:51:26.952508 2020] [ssl:warn] [pid 11808:tid 684] AH01909: www.example.com:443:0 server certificate does NOT include an ID which matches the server name
[Fri Nov 06 01:51:26.989429 2020] [mpm_winnt:notice] [pid 11808:tid 684] AH00354: Child: Starting 150 worker threads.
[Fri Nov 06 01:51:27.041928 2020] [php7:warn] [pid 11808:tid 1916] [client ::1:52964] PHP Warning:  session_start(): Cannot start session when headers already sent in D:\\xampp\\htdocs\\laptrinhweb\\html\\dang_nhap.php on line 6, referer: http://localhost:8080/html/
